2026-06-23 09:51:32 INFO  Utils:112 - [TestNG] Running:
  C:\Users\2494401\IdeaProjects\Interim project\Testing-Project\BloodConnectTest\testng.xml

2026-06-23 09:51:37 INFO  TS012_RequestNotificationsValidation:13 - =========================================================
2026-06-23 09:51:37 INFO  TS012_RequestNotificationsValidation:14 - STARTING TEST CASE: TC036_verifyDonorReceivesNewRequestNotification
2026-06-23 09:51:37 INFO  TS012_RequestNotificationsValidation:15 - =========================================================
2026-06-23 09:51:37 INFO  TS012_RequestNotificationsValidation:151 - Donor Profile Data: PPvCG:mbbkq@gmail.com:PassjB5tr0
2026-06-23 09:51:37 INFO  TS012_RequestNotificationsValidation:153 - Recipient Profile Data: KdPKB:wnjbu@gmail.com:Passbygxxw
2026-06-23 09:51:37 INFO  TS012_RequestNotificationsValidation:106 - Navigating to Registration page from Home page...
2026-06-23 09:51:37 INFO  TS012_RequestNotificationsValidation:112 - Donor checkbox remains selected...
2026-06-23 09:51:39 INFO  TS012_RequestNotificationsValidation:131 - Clicking on the Agree Terms...
2026-06-23 09:51:39 INFO  TS012_RequestNotificationsValidation:134 - Submitting the registration form...
2026-06-23 09:51:43 INFO  TS012_RequestNotificationsValidation:159 - Registered With Donor Profile...
2026-06-23 09:51:43 INFO  TS012_RequestNotificationsValidation:106 - Navigating to Registration page from Home page...
2026-06-23 09:51:43 INFO  TS012_RequestNotificationsValidation:114 - Deselecting Donor and Selecting Recipient checkbox...
2026-06-23 09:51:44 INFO  TS012_RequestNotificationsValidation:131 - Clicking on the Agree Terms...
2026-06-23 09:51:44 INFO  TS012_RequestNotificationsValidation:134 - Submitting the registration form...
2026-06-23 09:51:48 INFO  TS012_RequestNotificationsValidation:163 - Registered With Recipient Profile...
2026-06-23 09:51:48 INFO  TS012_RequestNotificationsValidation:91 - Switching to login page...
2026-06-23 09:51:48 INFO  TS012_RequestNotificationsValidation:96 - Providing user credentials...
2026-06-23 09:51:49 INFO  TS012_RequestNotificationsValidation:100 - Trying to logging Into dashboard...
2026-06-23 09:51:51 INFO  TS012_RequestNotificationsValidation:165 - logged into Recipient profile...
2026-06-23 09:52:02 INFO  TS012_RequestNotificationsValidation:170 - Validating request sent successfully...
2026-06-23 09:52:02 INFO  TS012_RequestNotificationsValidation:91 - Switching to login page...
2026-06-23 09:52:02 INFO  TS012_RequestNotificationsValidation:96 - Providing user credentials...
2026-06-23 09:52:02 INFO  TS012_RequestNotificationsValidation:100 - Trying to logging Into dashboard...
2026-06-23 09:52:05 INFO  TS012_RequestNotificationsValidation:26 - Validating Donor Dashboard URL...
2026-06-23 09:52:05 INFO  TS012_RequestNotificationsValidation:29 - Checking if incoming request from recipient 'KdPKB' is visible in notification...
2026-06-23 09:52:15 INFO  TS012_RequestNotificationsValidation:40 - =========================================================
2026-06-23 09:52:15 INFO  TS012_RequestNotificationsValidation:41 - ENDING TEST CASE: TC036_verifyDonorReceivesNewRequestNotification
2026-06-23 09:52:15 INFO  TS012_RequestNotificationsValidation:42 - =========================================================
2026-06-23 09:53:31 INFO  Utils:112 - [TestNG] Running:
  C:\Users\2494401\IdeaProjects\Interim project\Testing-Project\BloodConnectTest\testng.xml

2026-06-23 09:53:35 INFO  TS012_RequestNotificationsValidation:13 - =========================================================
2026-06-23 09:53:35 INFO  TS012_RequestNotificationsValidation:14 - STARTING TEST CASE: TC036_verifyDonorReceivesNewRequestNotification
2026-06-23 09:53:35 INFO  TS012_RequestNotificationsValidation:15 - =========================================================
2026-06-23 09:53:35 INFO  TS012_RequestNotificationsValidation:151 - Donor Profile Data: DpYsP:wttey@gmail.com:PassWAdI28
2026-06-23 09:53:35 INFO  TS012_RequestNotificationsValidation:153 - Recipient Profile Data: nuqyc:agpbr@gmail.com:PassmfrJBV
2026-06-23 09:53:35 INFO  TS012_RequestNotificationsValidation:106 - Navigating to Registration page from Home page...
2026-06-23 09:53:35 INFO  TS012_RequestNotificationsValidation:112 - Donor checkbox remains selected...
2026-06-23 09:53:36 INFO  TS012_RequestNotificationsValidation:131 - Clicking on the Agree Terms...
2026-06-23 09:53:36 INFO  TS012_RequestNotificationsValidation:134 - Submitting the registration form...
2026-06-23 09:53:40 INFO  TS012_RequestNotificationsValidation:159 - Registered With Donor Profile...
2026-06-23 09:53:40 INFO  TS012_RequestNotificationsValidation:106 - Navigating to Registration page from Home page...
2026-06-23 09:53:40 INFO  TS012_RequestNotificationsValidation:114 - Deselecting Donor and Selecting Recipient checkbox...
2026-06-23 09:53:42 INFO  TS012_RequestNotificationsValidation:131 - Clicking on the Agree Terms...
2026-06-23 09:53:42 INFO  TS012_RequestNotificationsValidation:134 - Submitting the registration form...
2026-06-23 09:53:46 INFO  TS012_RequestNotificationsValidation:163 - Registered With Recipient Profile...
2026-06-23 09:53:46 INFO  TS012_RequestNotificationsValidation:91 - Switching to login page...
2026-06-23 09:53:46 INFO  TS012_RequestNotificationsValidation:96 - Providing user credentials...
2026-06-23 09:53:46 INFO  TS012_RequestNotificationsValidation:100 - Trying to logging Into dashboard...
2026-06-23 09:53:49 INFO  TS012_RequestNotificationsValidation:165 - logged into Recipient profile...
2026-06-23 09:54:00 INFO  TS012_RequestNotificationsValidation:170 - Validating request sent successfully...
2026-06-23 09:54:00 INFO  TS012_RequestNotificationsValidation:91 - Switching to login page...
2026-06-23 09:54:00 INFO  TS012_RequestNotificationsValidation:96 - Providing user credentials...
2026-06-23 09:54:00 INFO  TS012_RequestNotificationsValidation:100 - Trying to logging Into dashboard...
2026-06-23 09:54:03 INFO  TS012_RequestNotificationsValidation:26 - Validating Donor Dashboard URL...
2026-06-23 09:54:03 INFO  TS012_RequestNotificationsValidation:29 - Checking if incoming request from recipient 'nuqyc' is visible in notification...
2026-06-23 09:54:13 INFO  TS012_RequestNotificationsValidation:40 - =========================================================
2026-06-23 09:54:13 INFO  TS012_RequestNotificationsValidation:41 - ENDING TEST CASE: TC036_verifyDonorReceivesNewRequestNotification
2026-06-23 09:54:13 INFO  TS012_RequestNotificationsValidation:42 - =========================================================
2026-06-23 09:55:15 INFO  Utils:112 - [TestNG] Running:
  C:\Users\2494401\IdeaProjects\Interim project\Testing-Project\BloodConnectTest\testng.xml

2026-06-23 09:55:19 INFO  TS012_RequestNotificationsValidation:13 - =========================================================
2026-06-23 09:55:19 INFO  TS012_RequestNotificationsValidation:14 - STARTING TEST CASE: TC036_verifyDonorReceivesNewRequestNotification
2026-06-23 09:55:19 INFO  TS012_RequestNotificationsValidation:15 - =========================================================
2026-06-23 09:55:19 INFO  TS012_RequestNotificationsValidation:151 - Donor Profile Data: sthnA:atiww@gmail.com:PassbyiqRP
2026-06-23 09:55:19 INFO  TS012_RequestNotificationsValidation:153 - Recipient Profile Data: EaZIn:eptun@gmail.com:PasslCnfmR
2026-06-23 09:55:19 INFO  TS012_RequestNotificationsValidation:106 - Navigating to Registration page from Home page...
2026-06-23 09:55:19 INFO  TS012_RequestNotificationsValidation:112 - Donor checkbox remains selected...
2026-06-23 09:55:21 INFO  TS012_RequestNotificationsValidation:131 - Clicking on the Agree Terms...
2026-06-23 09:55:21 INFO  TS012_RequestNotificationsValidation:134 - Submitting the registration form...
2026-06-23 09:55:25 INFO  TS012_RequestNotificationsValidation:159 - Registered With Donor Profile...
2026-06-23 09:55:25 INFO  TS012_RequestNotificationsValidation:106 - Navigating to Registration page from Home page...
2026-06-23 09:55:25 INFO  TS012_RequestNotificationsValidation:114 - Deselecting Donor and Selecting Recipient checkbox...
2026-06-23 09:55:26 INFO  TS012_RequestNotificationsValidation:131 - Clicking on the Agree Terms...
2026-06-23 09:55:26 INFO  TS012_RequestNotificationsValidation:134 - Submitting the registration form...
2026-06-23 09:55:30 INFO  TS012_RequestNotificationsValidation:163 - Registered With Recipient Profile...
2026-06-23 09:55:30 INFO  TS012_RequestNotificationsValidation:91 - Switching to login page...
2026-06-23 09:55:30 INFO  TS012_RequestNotificationsValidation:96 - Providing user credentials...
2026-06-23 09:55:31 INFO  TS012_RequestNotificationsValidation:100 - Trying to logging Into dashboard...
2026-06-23 09:55:34 INFO  TS012_RequestNotificationsValidation:165 - logged into Recipient profile...
2026-06-23 09:55:44 INFO  TS012_RequestNotificationsValidation:170 - Validating request sent successfully...
2026-06-23 09:55:45 INFO  TS012_RequestNotificationsValidation:91 - Switching to login page...
2026-06-23 09:55:45 INFO  TS012_RequestNotificationsValidation:96 - Providing user credentials...
2026-06-23 09:55:45 INFO  TS012_RequestNotificationsValidation:100 - Trying to logging Into dashboard...
2026-06-23 09:55:48 INFO  TS012_RequestNotificationsValidation:26 - Validating Donor Dashboard URL...
2026-06-23 09:55:48 INFO  TS012_RequestNotificationsValidation:29 - Checking if incoming request from recipient 'EaZIn' is visible in notification...
2026-06-23 09:57:18 INFO  TS012_RequestNotificationsValidation:40 - =========================================================
2026-06-23 09:57:18 INFO  TS012_RequestNotificationsValidation:41 - ENDING TEST CASE: TC036_verifyDonorReceivesNewRequestNotification
2026-06-23 09:57:18 INFO  TS012_RequestNotificationsValidation:42 - =========================================================
2026-06-23 10:08:04 INFO  Utils:112 - [TestNG] Running:
  C:\Users\2494401\IdeaProjects\Interim project\Testing-Project\BloodConnectTest\testng.xml

2026-06-23 10:08:08 INFO  TS012_RequestNotificationsValidation:13 - =========================================================
2026-06-23 10:08:08 INFO  TS012_RequestNotificationsValidation:14 - STARTING TEST CASE: TC036_verifyDonorReceivesNewRequestNotification
2026-06-23 10:08:08 INFO  TS012_RequestNotificationsValidation:15 - =========================================================
2026-06-23 10:08:08 INFO  TS012_RequestNotificationsValidation:151 - Donor Profile Data: DkOkm:bibcn@gmail.com:Passg678sz
2026-06-23 10:08:08 INFO  TS012_RequestNotificationsValidation:153 - Recipient Profile Data: CPBSn:vdfcy@gmail.com:PassVERORf
2026-06-23 10:08:08 INFO  TS012_RequestNotificationsValidation:106 - Navigating to Registration page from Home page...
2026-06-23 10:08:08 INFO  TS012_RequestNotificationsValidation:112 - Donor checkbox remains selected...
2026-06-23 10:08:10 INFO  TS012_RequestNotificationsValidation:131 - Clicking on the Agree Terms...
2026-06-23 10:08:10 INFO  TS012_RequestNotificationsValidation:134 - Submitting the registration form...
2026-06-23 10:08:14 INFO  TS012_RequestNotificationsValidation:159 - Registered With Donor Profile...
2026-06-23 10:08:14 INFO  TS012_RequestNotificationsValidation:106 - Navigating to Registration page from Home page...
2026-06-23 10:08:14 INFO  TS012_RequestNotificationsValidation:114 - Deselecting Donor and Selecting Recipient checkbox...
2026-06-23 10:08:16 INFO  TS012_RequestNotificationsValidation:131 - Clicking on the Agree Terms...
2026-06-23 10:08:16 INFO  TS012_RequestNotificationsValidation:134 - Submitting the registration form...
2026-06-23 10:08:20 INFO  TS012_RequestNotificationsValidation:163 - Registered With Recipient Profile...
2026-06-23 10:08:20 INFO  TS012_RequestNotificationsValidation:91 - Switching to login page...
2026-06-23 10:08:20 INFO  TS012_RequestNotificationsValidation:96 - Providing user credentials...
2026-06-23 10:08:20 INFO  TS012_RequestNotificationsValidation:100 - Trying to logging Into dashboard...
2026-06-23 10:08:23 INFO  TS012_RequestNotificationsValidation:165 - logged into Recipient profile...
2026-06-23 10:08:34 INFO  TS012_RequestNotificationsValidation:170 - Validating request sent successfully...
2026-06-23 10:08:34 INFO  TS012_RequestNotificationsValidation:91 - Switching to login page...
2026-06-23 10:08:34 INFO  TS012_RequestNotificationsValidation:96 - Providing user credentials...
2026-06-23 10:08:35 INFO  TS012_RequestNotificationsValidation:100 - Trying to logging Into dashboard...
2026-06-23 10:08:37 INFO  TS012_RequestNotificationsValidation:26 - Validating Donor Dashboard URL...
2026-06-23 10:08:37 INFO  TS012_RequestNotificationsValidation:29 - Checking if incoming request from recipient 'CPBSn' is visible in notification...
2026-06-23 10:08:37 INFO  TS012_RequestNotificationsValidation:32 - TEST CASE PASSED
2026-06-23 10:08:37 INFO  TS012_RequestNotificationsValidation:42 - =========================================================
2026-06-23 10:08:37 INFO  TS012_RequestNotificationsValidation:43 - ENDING TEST CASE: TC036_verifyDonorReceivesNewRequestNotification
2026-06-23 10:08:37 INFO  TS012_RequestNotificationsValidation:44 - =========================================================
2026-06-23 10:15:46 INFO  Utils:112 - [TestNG] Running:
  C:\Users\2494401\IdeaProjects\Interim project\Testing-Project\BloodConnectTest\testng.xml

2026-06-23 10:15:51 INFO  TS012_RequestNotificationsValidation:15 - =========================================================
2026-06-23 10:15:51 INFO  TS012_RequestNotificationsValidation:16 - STARTING TEST CASE: TC036_verifyDonorReceivesNewRequestNotification
2026-06-23 10:15:51 INFO  TS012_RequestNotificationsValidation:17 - =========================================================
2026-06-23 10:15:51 INFO  TS012_RequestNotificationsValidation:151 - Donor Profile Data: EXOFQ:akewr@gmail.com:Pass3WSVj1
2026-06-23 10:15:51 INFO  TS012_RequestNotificationsValidation:153 - Recipient Profile Data: DCUmu:rdhtw@gmail.com:PassJAevLG
2026-06-23 10:15:51 INFO  TS012_RequestNotificationsValidation:106 - Navigating to Registration page from Home page...
2026-06-23 10:15:51 INFO  TS012_RequestNotificationsValidation:112 - Donor checkbox remains selected...
2026-06-23 10:15:52 INFO  TS012_RequestNotificationsValidation:131 - Clicking on the Agree Terms...
2026-06-23 10:15:52 INFO  TS012_RequestNotificationsValidation:134 - Submitting the registration form...
2026-06-23 10:15:57 INFO  TS012_RequestNotificationsValidation:159 - Registered With Donor Profile...
2026-06-23 10:15:57 INFO  TS012_RequestNotificationsValidation:106 - Navigating to Registration page from Home page...
2026-06-23 10:15:57 INFO  TS012_RequestNotificationsValidation:114 - Deselecting Donor and Selecting Recipient checkbox...
2026-06-23 10:15:58 INFO  TS012_RequestNotificationsValidation:131 - Clicking on the Agree Terms...
2026-06-23 10:15:58 INFO  TS012_RequestNotificationsValidation:134 - Submitting the registration form...
2026-06-23 10:16:03 INFO  TS012_RequestNotificationsValidation:163 - Registered With Recipient Profile...
2026-06-23 10:16:03 INFO  TS012_RequestNotificationsValidation:91 - Switching to login page...
2026-06-23 10:16:03 INFO  TS012_RequestNotificationsValidation:96 - Providing user credentials...
2026-06-23 10:16:03 INFO  TS012_RequestNotificationsValidation:100 - Trying to logging Into dashboard...
2026-06-23 10:16:06 INFO  TS012_RequestNotificationsValidation:165 - logged into Recipient profile...
2026-06-23 10:16:17 INFO  TS012_RequestNotificationsValidation:170 - Validating request sent successfully...
2026-06-23 10:16:17 INFO  TS012_RequestNotificationsValidation:91 - Switching to login page...
2026-06-23 10:16:17 INFO  TS012_RequestNotificationsValidation:96 - Providing user credentials...
2026-06-23 10:16:17 INFO  TS012_RequestNotificationsValidation:100 - Trying to logging Into dashboard...
2026-06-23 10:16:20 INFO  TS012_RequestNotificationsValidation:28 - Validating Donor Dashboard URL...
2026-06-23 10:16:20 INFO  TS012_RequestNotificationsValidation:31 - Checking if incoming request from recipient 'DCUmu' is visible in notification...
2026-06-23 10:16:20 INFO  TS012_RequestNotificationsValidation:34 - TEST CASE PASSED
2026-06-23 10:16:20 INFO  TS012_RequestNotificationsValidation:44 - =========================================================
2026-06-23 10:16:20 INFO  TS012_RequestNotificationsValidation:45 - ENDING TEST CASE: TC036_verifyDonorReceivesNewRequestNotification
2026-06-23 10:16:20 INFO  TS012_RequestNotificationsValidation:46 - =========================================================
2026-06-23 10:16:26 INFO  TS012_RequestNotificationsValidation:51 - =========================================================
2026-06-23 10:16:26 INFO  TS012_RequestNotificationsValidation:52 - STARTING TEST CASE: TC037_verifyRecipientReceivesUpdateNotification
2026-06-23 10:16:26 INFO  TS012_RequestNotificationsValidation:53 - =========================================================
2026-06-23 10:16:26 INFO  TS012_RequestNotificationsValidation:151 - Donor Profile Data: kMWQj:hzpjq@gmail.com:PassN5CBjj
2026-06-23 10:16:26 INFO  TS012_RequestNotificationsValidation:153 - Recipient Profile Data: AlFLp:klytu@gmail.com:PassZvk9zE
2026-06-23 10:16:26 INFO  TS012_RequestNotificationsValidation:106 - Navigating to Registration page from Home page...
2026-06-23 10:16:26 INFO  TS012_RequestNotificationsValidation:112 - Donor checkbox remains selected...
2026-06-23 10:16:28 INFO  TS012_RequestNotificationsValidation:131 - Clicking on the Agree Terms...
2026-06-23 10:16:28 INFO  TS012_RequestNotificationsValidation:134 - Submitting the registration form...
2026-06-23 10:16:32 INFO  TS012_RequestNotificationsValidation:159 - Registered With Donor Profile...
2026-06-23 10:16:32 INFO  TS012_RequestNotificationsValidation:106 - Navigating to Registration page from Home page...
2026-06-23 10:16:32 INFO  TS012_RequestNotificationsValidation:114 - Deselecting Donor and Selecting Recipient checkbox...
2026-06-23 10:16:33 INFO  TS012_RequestNotificationsValidation:131 - Clicking on the Agree Terms...
2026-06-23 10:16:34 INFO  TS012_RequestNotificationsValidation:134 - Submitting the registration form...
2026-06-23 10:16:38 INFO  TS012_RequestNotificationsValidation:163 - Registered With Recipient Profile...
2026-06-23 10:16:38 INFO  TS012_RequestNotificationsValidation:91 - Switching to login page...
2026-06-23 10:16:38 INFO  TS012_RequestNotificationsValidation:96 - Providing user credentials...
2026-06-23 10:16:38 INFO  TS012_RequestNotificationsValidation:100 - Trying to logging Into dashboard...
2026-06-23 10:16:41 INFO  TS012_RequestNotificationsValidation:165 - logged into Recipient profile...
2026-06-23 10:16:51 INFO  TS012_RequestNotificationsValidation:170 - Validating request sent successfully...
2026-06-23 10:16:52 INFO  TS012_RequestNotificationsValidation:91 - Switching to login page...
2026-06-23 10:16:52 INFO  TS012_RequestNotificationsValidation:96 - Providing user credentials...
2026-06-23 10:16:52 INFO  TS012_RequestNotificationsValidation:100 - Trying to logging Into dashboard...
2026-06-23 10:16:55 INFO  TS012_RequestNotificationsValidation:64 - Validating Donor Dashboard URL...
2026-06-23 10:16:55 INFO  TS012_RequestNotificationsValidation:68 - Checking if incoming request from recipient 'AlFLp' is visible...
2026-06-23 10:16:55 INFO  TS012_RequestNotificationsValidation:70 - Validating incoming request visibility...
2026-06-23 10:16:55 INFO  TS012_RequestNotificationsValidation:74 - Attempting to ACCEPT request from recipient: AlFLp
2026-06-23 10:16:55 INFO  TS012_RequestNotificationsValidation:75 - Locating Accept button for recipient: AlFLp
2026-06-23 10:16:55 INFO  TS012_RequestNotificationsValidation:80 - Clicking Accept button...
2026-06-23 10:16:55 INFO  TS012_RequestNotificationsValidation:82 - Waiting for success message to appear...
2026-06-23 10:16:58 INFO  TS012_RequestNotificationsValidation:87 - Captured success message: 🎉 You have accepted this blood request! Thank you for saving a life!
2026-06-23 10:16:58 INFO  TS012_RequestNotificationsValidation:90 - Request accepted successfully
2026-06-23 10:16:58 INFO  TS012_RequestNotificationsValidation:91 - Switching to login page...
2026-06-23 10:16:58 INFO  TS012_RequestNotificationsValidation:96 - Providing user credentials...
2026-06-23 10:16:59 INFO  TS012_RequestNotificationsValidation:100 - Trying to logging Into dashboard...
2026-06-23 10:17:01 INFO  TS012_RequestNotificationsValidation:99 - Validating Recipient Dashboard URL...
2026-06-23 10:18:31 INFO  TS012_RequestNotificationsValidation:110 - =========================================================
2026-06-23 10:18:31 INFO  TS012_RequestNotificationsValidation:111 - ENDING TEST CASE: TC037_verifyRecipientReceivesUpdateNotification
2026-06-23 10:18:31 INFO  TS012_RequestNotificationsValidation:112 - =========================================================
2026-06-23 10:31:18 INFO  Utils:112 - [TestNG] Running:
  C:\Users\2494401\IdeaProjects\Interim project\Testing-Project\BloodConnectTest\testng.xml

2026-06-23 10:31:23 INFO  TS012_RequestNotificationsValidation:15 - =========================================================
2026-06-23 10:31:23 INFO  TS012_RequestNotificationsValidation:16 - STARTING TEST CASE: TC036_verifyDonorReceivesNewRequestNotification
2026-06-23 10:31:23 INFO  TS012_RequestNotificationsValidation:17 - =========================================================
2026-06-23 10:31:23 INFO  TS012_RequestNotificationsValidation:151 - Donor Profile Data: KCGyp:qdcrf@gmail.com:PasshI5qxN
2026-06-23 10:31:23 INFO  TS012_RequestNotificationsValidation:153 - Recipient Profile Data: aVVgP:lopij@gmail.com:PassGhPeq9
2026-06-23 10:31:23 INFO  TS012_RequestNotificationsValidation:106 - Navigating to Registration page from Home page...
2026-06-23 10:31:23 INFO  TS012_RequestNotificationsValidation:112 - Donor checkbox remains selected...
2026-06-23 10:31:25 INFO  TS012_RequestNotificationsValidation:131 - Clicking on the Agree Terms...
2026-06-23 10:31:25 INFO  TS012_RequestNotificationsValidation:134 - Submitting the registration form...
2026-06-23 10:31:29 INFO  TS012_RequestNotificationsValidation:159 - Registered With Donor Profile...
2026-06-23 10:31:29 INFO  TS012_RequestNotificationsValidation:106 - Navigating to Registration page from Home page...
2026-06-23 10:31:29 INFO  TS012_RequestNotificationsValidation:114 - Deselecting Donor and Selecting Recipient checkbox...
2026-06-23 10:31:31 INFO  TS012_RequestNotificationsValidation:131 - Clicking on the Agree Terms...
2026-06-23 10:31:31 INFO  TS012_RequestNotificationsValidation:134 - Submitting the registration form...
2026-06-23 10:31:35 INFO  TS012_RequestNotificationsValidation:163 - Registered With Recipient Profile...
2026-06-23 10:31:35 INFO  TS012_RequestNotificationsValidation:91 - Switching to login page...
2026-06-23 10:31:35 INFO  TS012_RequestNotificationsValidation:96 - Providing user credentials...
2026-06-23 10:31:35 INFO  TS012_RequestNotificationsValidation:100 - Trying to logging Into dashboard...
2026-06-23 10:31:37 INFO  TS012_RequestNotificationsValidation:165 - logged into Recipient profile...
2026-06-23 10:31:49 INFO  TS012_RequestNotificationsValidation:170 - Validating request sent successfully...
2026-06-23 10:31:49 INFO  TS012_RequestNotificationsValidation:91 - Switching to login page...
2026-06-23 10:31:49 INFO  TS012_RequestNotificationsValidation:96 - Providing user credentials...
2026-06-23 10:31:49 INFO  TS012_RequestNotificationsValidation:100 - Trying to logging Into dashboard...
2026-06-23 10:31:52 INFO  TS012_RequestNotificationsValidation:28 - Validating Donor Dashboard URL...
2026-06-23 10:31:52 INFO  TS012_RequestNotificationsValidation:31 - Checking if incoming request from recipient 'aVVgP' is visible in notification...
2026-06-23 10:31:52 INFO  TS012_RequestNotificationsValidation:34 - TEST CASE PASSED
2026-06-23 10:31:52 INFO  TS012_RequestNotificationsValidation:44 - =========================================================
2026-06-23 10:31:52 INFO  TS012_RequestNotificationsValidation:45 - ENDING TEST CASE: TC036_verifyDonorReceivesNewRequestNotification
2026-06-23 10:31:52 INFO  TS012_RequestNotificationsValidation:46 - =========================================================
2026-06-23 10:32:00 INFO  TS012_RequestNotificationsValidation:51 - =========================================================
2026-06-23 10:32:00 INFO  TS012_RequestNotificationsValidation:52 - STARTING TEST CASE: TC037_verifyRecipientReceivesUpdateNotification
2026-06-23 10:32:00 INFO  TS012_RequestNotificationsValidation:53 - =========================================================
2026-06-23 10:32:00 INFO  TS012_RequestNotificationsValidation:151 - Donor Profile Data: snrJe:xslni@gmail.com:Pass1bB2JX
2026-06-23 10:32:00 INFO  TS012_RequestNotificationsValidation:153 - Recipient Profile Data: Urilw:qyjci@gmail.com:PassZK8Lxl
2026-06-23 10:32:00 INFO  TS012_RequestNotificationsValidation:106 - Navigating to Registration page from Home page...
2026-06-23 10:32:00 INFO  TS012_RequestNotificationsValidation:112 - Donor checkbox remains selected...
2026-06-23 10:32:02 INFO  TS012_RequestNotificationsValidation:131 - Clicking on the Agree Terms...
2026-06-23 10:32:02 INFO  TS012_RequestNotificationsValidation:134 - Submitting the registration form...
2026-06-23 10:32:06 INFO  TS012_RequestNotificationsValidation:159 - Registered With Donor Profile...
2026-06-23 10:32:06 INFO  TS012_RequestNotificationsValidation:106 - Navigating to Registration page from Home page...
2026-06-23 10:32:06 INFO  TS012_RequestNotificationsValidation:114 - Deselecting Donor and Selecting Recipient checkbox...
2026-06-23 10:32:08 INFO  TS012_RequestNotificationsValidation:131 - Clicking on the Agree Terms...
2026-06-23 10:32:08 INFO  TS012_RequestNotificationsValidation:134 - Submitting the registration form...
2026-06-23 10:32:12 INFO  TS012_RequestNotificationsValidation:163 - Registered With Recipient Profile...
2026-06-23 10:32:12 INFO  TS012_RequestNotificationsValidation:91 - Switching to login page...
2026-06-23 10:32:12 INFO  TS012_RequestNotificationsValidation:96 - Providing user credentials...
2026-06-23 10:32:12 INFO  TS012_RequestNotificationsValidation:100 - Trying to logging Into dashboard...
2026-06-23 10:32:15 INFO  TS012_RequestNotificationsValidation:165 - logged into Recipient profile...
2026-06-23 10:32:26 INFO  TS012_RequestNotificationsValidation:170 - Validating request sent successfully...
2026-06-23 10:32:26 INFO  TS012_RequestNotificationsValidation:91 - Switching to login page...
2026-06-23 10:32:26 INFO  TS012_RequestNotificationsValidation:96 - Providing user credentials...
2026-06-23 10:32:26 INFO  TS012_RequestNotificationsValidation:100 - Trying to logging Into dashboard...
2026-06-23 10:32:29 INFO  TS012_RequestNotificationsValidation:64 - Validating Donor Dashboard URL...
2026-06-23 10:32:29 INFO  TS012_RequestNotificationsValidation:68 - Checking if incoming request from recipient 'Urilw' is visible...
2026-06-23 10:32:29 INFO  TS012_RequestNotificationsValidation:70 - Validating incoming request visibility...
2026-06-23 10:32:29 INFO  TS012_RequestNotificationsValidation:74 - Attempting to ACCEPT request from recipient: Urilw
2026-06-23 10:32:29 INFO  TS012_RequestNotificationsValidation:75 - Locating Accept button for recipient: Urilw
2026-06-23 10:32:29 INFO  TS012_RequestNotificationsValidation:80 - Clicking Accept button...
2026-06-23 10:32:29 INFO  TS012_RequestNotificationsValidation:82 - Waiting for success message to appear...
2026-06-23 10:32:33 INFO  TS012_RequestNotificationsValidation:87 - Captured success message: 🎉 You have accepted this blood request! Thank you for saving a life!
2026-06-23 10:32:33 INFO  TS012_RequestNotificationsValidation:90 - Request accepted successfully
2026-06-23 10:32:33 INFO  TS012_RequestNotificationsValidation:91 - Switching to login page...
2026-06-23 10:32:33 INFO  TS012_RequestNotificationsValidation:96 - Providing user credentials...
2026-06-23 10:32:33 INFO  TS012_RequestNotificationsValidation:100 - Trying to logging Into dashboard...
2026-06-23 10:32:36 INFO  TS012_RequestNotificationsValidation:99 - Validating Recipient Dashboard URL...
2026-06-23 10:32:38 INFO  TS012_RequestNotificationsValidation:103 - TEST CASE PASSED
2026-06-23 10:32:38 INFO  TS012_RequestNotificationsValidation:113 - =========================================================
2026-06-23 10:32:38 INFO  TS012_RequestNotificationsValidation:114 - ENDING TEST CASE: TC037_verifyRecipientReceivesUpdateNotification
2026-06-23 10:32:38 INFO  TS012_RequestNotificationsValidation:115 - =========================================================
2026-06-23 10:53:31 INFO  Utils:112 - [TestNG] Running:
  C:\Users\2494401\IdeaProjects\Interim project\Testing-Project\BloodConnectTest\testng.xml

2026-06-23 10:53:38 INFO  TS007_DonorProfile:18 - =========================================================
2026-06-23 10:53:38 INFO  TS007_DonorProfile:19 - STARTING TEST CASE: TC019_updateDonorName
2026-06-23 10:53:38 INFO  TS007_DonorProfile:20 - =========================================================
2026-06-23 10:53:38 INFO  TS007_DonorProfile:106 - Navigating to Registration page from Home page...
2026-06-23 10:53:38 INFO  TS007_DonorProfile:112 - Donor checkbox remains selected...
2026-06-23 10:53:38 INFO  TS007_DonorProfile:126 - Generating random user data and populating the registration form...
2026-06-23 10:53:40 INFO  TS007_DonorProfile:131 - Clicking on the Agree Terms...
2026-06-23 10:53:40 INFO  TS007_DonorProfile:134 - Submitting the registration form...
2026-06-23 10:53:46 INFO  TS007_DonorProfile:91 - Switching to login page...
2026-06-23 10:53:46 INFO  TS007_DonorProfile:96 - Providing user credentials...
2026-06-23 10:53:46 INFO  TS007_DonorProfile:100 - Trying to logging Into dashboard...
2026-06-23 10:53:51 INFO  TS007_DonorProfile:27 - Navigating to Edit Profile page
2026-06-23 10:53:51 INFO  TS007_DonorProfile:31 - Verifying Edit Profile page load
2026-06-23 10:53:52 INFO  TS007_DonorProfile:35 - Checking if Full Name field is editable
2026-06-23 10:53:52 ERROR TS007_DonorProfile:63 - ASSERTION FAILED : Full Name field is NOT editable expected [true] but found [false]
2026-06-23 10:53:53 INFO  TS007_DonorProfile:76 - Logged out in finally block
2026-06-23 10:53:59 INFO  TS007_DonorProfile:90 - =========================================================
2026-06-23 10:53:59 INFO  TS007_DonorProfile:91 - STARTING TEST CASE: TC020_updateDonorBloodGroup
2026-06-23 10:53:59 INFO  TS007_DonorProfile:92 - =========================================================
2026-06-23 10:53:59 INFO  TS007_DonorProfile:106 - Navigating to Registration page from Home page...
2026-06-23 10:53:59 INFO  TS007_DonorProfile:112 - Donor checkbox remains selected...
2026-06-23 10:53:59 INFO  TS007_DonorProfile:126 - Generating random user data and populating the registration form...
2026-06-23 10:54:00 INFO  TS007_DonorProfile:131 - Clicking on the Agree Terms...
2026-06-23 10:54:00 INFO  TS007_DonorProfile:134 - Submitting the registration form...
2026-06-23 10:54:05 INFO  TS007_DonorProfile:91 - Switching to login page...
2026-06-23 10:54:05 INFO  TS007_DonorProfile:96 - Providing user credentials...
2026-06-23 10:54:06 INFO  TS007_DonorProfile:100 - Trying to logging Into dashboard...
2026-06-23 10:54:08 INFO  TS007_DonorProfile:100 - Navigating to Edit Profile page
2026-06-23 10:54:08 INFO  TS007_DonorProfile:104 - Verifying Edit Profile page load
2026-06-23 10:54:09 INFO  TS007_DonorProfile:108 - Checking if Blood Group field is editable
2026-06-23 10:54:09 INFO  TS007_DonorProfile:114 - Updating Blood Group to: AB+
2026-06-23 10:54:09 INFO  TS007_DonorProfile:118 - Clicking Save Changes
2026-06-23 10:54:09 INFO  TS007_DonorProfile:121 - Verifying navigation to Dashboard after save
2026-06-23 10:54:10 INFO  TS007_DonorProfile:125 - Validating donor blood group update
2026-06-23 10:54:10 INFO  TS007_DonorProfile:129 - Expected: AB+
2026-06-23 10:54:10 INFO  TS007_DonorProfile:130 - Actual: AB+
2026-06-23 10:54:10 INFO  TS007_DonorProfile:134 - TEST CASE PASSED 
2026-06-23 10:54:10 INFO  TS007_DonorProfile:149 - Logged out in finally block
2026-06-23 10:54:10 INFO  TS007_DonorProfile:155 - =========================================================
2026-06-23 10:54:10 INFO  TS007_DonorProfile:156 - ENDING TEST CASE: TC020_updateDonorBloodGroup
2026-06-23 10:54:10 INFO  TS007_DonorProfile:157 - =========================================================
2026-06-23 10:54:18 INFO  TS007_DonorProfile:163 - =========================================================
2026-06-23 10:54:18 INFO  TS007_DonorProfile:164 - STARTING TEST CASE: TC021_updateDonorContactDetails
2026-06-23 10:54:18 INFO  TS007_DonorProfile:165 - =========================================================
2026-06-23 10:54:18 INFO  TS007_DonorProfile:106 - Navigating to Registration page from Home page...
2026-06-23 10:54:18 INFO  TS007_DonorProfile:112 - Donor checkbox remains selected...
2026-06-23 10:54:18 INFO  TS007_DonorProfile:126 - Generating random user data and populating the registration form...
2026-06-23 10:54:19 INFO  TS007_DonorProfile:131 - Clicking on the Agree Terms...
2026-06-23 10:54:19 INFO  TS007_DonorProfile:134 - Submitting the registration form...
2026-06-23 10:54:24 INFO  TS007_DonorProfile:91 - Switching to login page...
2026-06-23 10:54:24 INFO  TS007_DonorProfile:96 - Providing user credentials...
2026-06-23 10:54:24 INFO  TS007_DonorProfile:100 - Trying to logging Into dashboard...
2026-06-23 10:54:27 INFO  TS007_DonorProfile:173 - Navigating to Edit Profile page
2026-06-23 10:54:27 INFO  TS007_DonorProfile:177 - Verifying Edit Profile page load
2026-06-23 10:54:27 INFO  TS007_DonorProfile:181 - Checking if Email field is editable
2026-06-23 10:54:27 ERROR TS007_DonorProfile:219 - ASSERTION FAILED : Email field is NOT editable expected [true] but found [false]
2026-06-23 10:54:28 INFO  TS007_DonorProfile:231 - Logged out in finally block
2026-06-23 11:21:55 INFO  Utils:112 - [TestNG] Running:
  C:\Users\2494401\IdeaProjects\Interim project\Testing-Project\BloodConnectTest\testng.xml

2026-06-23 11:22:01 INFO  TS007_DonorProfile:18 - =========================================================
2026-06-23 11:22:01 INFO  TS007_DonorProfile:19 - STARTING TEST CASE: TC019_updateDonorName
2026-06-23 11:22:01 INFO  TS007_DonorProfile:20 - =========================================================
2026-06-23 11:22:01 INFO  TS007_DonorProfile:106 - Navigating to Registration page from Home page...
2026-06-23 11:22:02 INFO  TS007_DonorProfile:112 - Donor checkbox remains selected...
2026-06-23 11:22:02 INFO  TS007_DonorProfile:126 - Generating random user data and populating the registration form...
2026-06-23 11:22:03 INFO  TS007_DonorProfile:131 - Clicking on the Agree Terms...
2026-06-23 11:22:03 INFO  TS007_DonorProfile:134 - Submitting the registration form...
2026-06-23 11:22:07 INFO  TS007_DonorProfile:91 - Switching to login page...
2026-06-23 11:22:07 INFO  TS007_DonorProfile:96 - Providing user credentials...
2026-06-23 11:22:08 INFO  TS007_DonorProfile:100 - Trying to logging Into dashboard...
2026-06-23 11:22:10 INFO  TS007_DonorProfile:27 - Navigating to Edit Profile page
2026-06-23 11:22:10 INFO  TS007_DonorProfile:31 - Verifying Edit Profile page load
2026-06-23 11:22:11 INFO  TS007_DonorProfile:35 - Checking if Full Name field is editable
2026-06-23 11:22:11 ERROR TS007_DonorProfile:63 - ASSERTION FAILED : Full Name field is NOT editable expected [true] but found [false]
2026-06-23 11:22:11 INFO  TS007_DonorProfile:76 - Logged out in finally block
2026-06-23 11:22:17 INFO  TS007_DonorProfile:90 - =========================================================
2026-06-23 11:22:17 INFO  TS007_DonorProfile:91 - STARTING TEST CASE: TC020_updateDonorBloodGroup
2026-06-23 11:22:17 INFO  TS007_DonorProfile:92 - =========================================================
2026-06-23 11:22:17 INFO  TS007_DonorProfile:106 - Navigating to Registration page from Home page...
2026-06-23 11:22:17 INFO  TS007_DonorProfile:112 - Donor checkbox remains selected...
2026-06-23 11:22:17 INFO  TS007_DonorProfile:126 - Generating random user data and populating the registration form...
2026-06-23 11:22:19 INFO  TS007_DonorProfile:131 - Clicking on the Agree Terms...
2026-06-23 11:22:19 INFO  TS007_DonorProfile:134 - Submitting the registration form...
2026-06-23 11:22:23 INFO  TS007_DonorProfile:91 - Switching to login page...
2026-06-23 11:22:23 INFO  TS007_DonorProfile:96 - Providing user credentials...
2026-06-23 11:22:23 INFO  TS007_DonorProfile:100 - Trying to logging Into dashboard...
2026-06-23 11:22:26 INFO  TS007_DonorProfile:100 - Navigating to Edit Profile page
2026-06-23 11:22:26 INFO  TS007_DonorProfile:104 - Verifying Edit Profile page load
2026-06-23 11:22:26 INFO  TS007_DonorProfile:108 - Checking if Blood Group field is editable
2026-06-23 11:22:26 INFO  TS007_DonorProfile:114 - Updating Blood Group to: AB-
2026-06-23 11:22:27 INFO  TS007_DonorProfile:118 - Clicking Save Changes
2026-06-23 11:22:27 INFO  TS007_DonorProfile:121 - Verifying navigation to Dashboard after save
2026-06-23 11:22:27 INFO  TS007_DonorProfile:125 - Validating donor blood group update
2026-06-23 11:22:27 INFO  TS007_DonorProfile:129 - Expected: AB-
2026-06-23 11:22:27 INFO  TS007_DonorProfile:130 - Actual: AB-
2026-06-23 11:22:27 INFO  TS007_DonorProfile:134 - TEST CASE PASSED 
2026-06-23 11:22:27 INFO  TS007_DonorProfile:149 - Logged out in finally block
2026-06-23 11:22:27 INFO  TS007_DonorProfile:155 - =========================================================
2026-06-23 11:22:27 INFO  TS007_DonorProfile:156 - ENDING TEST CASE: TC020_updateDonorBloodGroup
2026-06-23 11:22:27 INFO  TS007_DonorProfile:157 - =========================================================
2026-06-23 11:22:35 INFO  TS007_DonorProfile:163 - =========================================================
2026-06-23 11:22:35 INFO  TS007_DonorProfile:164 - STARTING TEST CASE: TC021_updateDonorContactDetails
2026-06-23 11:22:35 INFO  TS007_DonorProfile:165 - =========================================================
2026-06-23 11:22:35 INFO  TS007_DonorProfile:106 - Navigating to Registration page from Home page...
2026-06-23 11:22:35 INFO  TS007_DonorProfile:112 - Donor checkbox remains selected...
2026-06-23 11:22:35 INFO  TS007_DonorProfile:126 - Generating random user data and populating the registration form...
2026-06-23 11:22:37 INFO  TS007_DonorProfile:131 - Clicking on the Agree Terms...
2026-06-23 11:22:37 INFO  TS007_DonorProfile:134 - Submitting the registration form...
2026-06-23 11:22:41 INFO  TS007_DonorProfile:91 - Switching to login page...
2026-06-23 11:22:41 INFO  TS007_DonorProfile:96 - Providing user credentials...
2026-06-23 11:22:41 INFO  TS007_DonorProfile:100 - Trying to logging Into dashboard...
2026-06-23 11:22:44 INFO  TS007_DonorProfile:173 - Navigating to Edit Profile page
2026-06-23 11:22:44 INFO  TS007_DonorProfile:177 - Verifying Edit Profile page load
2026-06-23 11:22:45 INFO  TS007_DonorProfile:181 - Checking if Email field is editable
2026-06-23 11:22:45 ERROR TS007_DonorProfile:219 - ASSERTION FAILED : Email field is NOT editable expected [true] but found [false]
2026-06-23 11:22:45 INFO  TS007_DonorProfile:231 - Logged out in finally block
2026-06-23 11:22:51 INFO  TS007_DonorProfile:244 - =========================================================
2026-06-23 11:22:51 INFO  TS007_DonorProfile:245 - STARTING TEST CASE: TC022_VerifyDonorCannotUpdateEmailToExistingEmail
2026-06-23 11:22:51 INFO  TS007_DonorProfile:246 - =========================================================
2026-06-23 11:22:51 INFO  TS007_DonorProfile:106 - Navigating to Registration page from Home page...
2026-06-23 11:22:51 INFO  TS007_DonorProfile:112 - Donor checkbox remains selected...
2026-06-23 11:22:51 INFO  TS007_DonorProfile:126 - Generating random user data and populating the registration form...
2026-06-23 11:22:52 INFO  TS007_DonorProfile:131 - Clicking on the Agree Terms...
2026-06-23 11:22:52 INFO  TS007_DonorProfile:134 - Submitting the registration form...
2026-06-23 11:22:57 INFO  TS007_DonorProfile:106 - Navigating to Registration page from Home page...
2026-06-23 11:22:57 INFO  TS007_DonorProfile:112 - Donor checkbox remains selected...
2026-06-23 11:22:57 INFO  TS007_DonorProfile:126 - Generating random user data and populating the registration form...
2026-06-23 11:22:58 INFO  TS007_DonorProfile:131 - Clicking on the Agree Terms...
2026-06-23 11:22:58 INFO  TS007_DonorProfile:134 - Submitting the registration form...
2026-06-23 11:23:09 INFO  TS007_DonorProfile:91 - Switching to login page...
2026-06-23 11:23:09 INFO  TS007_DonorProfile:96 - Providing user credentials...
2026-06-23 11:23:10 INFO  TS007_DonorProfile:100 - Trying to logging Into dashboard...
2026-06-23 11:23:13 INFO  TS007_DonorProfile:254 - Verifying Edit Profile page load
2026-06-23 11:23:13 INFO  TS007_DonorProfile:260 - Checking if Email field is editable
2026-06-23 11:23:13 ERROR TS007_DonorProfile:289 - ASSERTION FAILED : Email field is NOT editable expected [true] but found [false]
2026-06-23 11:23:20 INFO  TS007_DonorProfile:305 - =========================================================
2026-06-23 11:23:20 INFO  TS007_DonorProfile:306 - STARTING TEST CASE: TC023_VerifyDonorCannotUpdatePhoneNumberToExistingUserNumber
2026-06-23 11:23:20 INFO  TS007_DonorProfile:307 - =========================================================
2026-06-23 11:23:20 INFO  TS007_DonorProfile:106 - Navigating to Registration page from Home page...
2026-06-23 11:23:20 INFO  TS007_DonorProfile:112 - Donor checkbox remains selected...
2026-06-23 11:23:20 INFO  TS007_DonorProfile:126 - Generating random user data and populating the registration form...
2026-06-23 11:23:21 INFO  TS007_DonorProfile:131 - Clicking on the Agree Terms...
2026-06-23 11:23:21 INFO  TS007_DonorProfile:134 - Submitting the registration form...
2026-06-23 11:23:25 INFO  TS007_DonorProfile:106 - Navigating to Registration page from Home page...
2026-06-23 11:23:25 INFO  TS007_DonorProfile:112 - Donor checkbox remains selected...
2026-06-23 11:23:25 INFO  TS007_DonorProfile:126 - Generating random user data and populating the registration form...
2026-06-23 11:23:26 INFO  TS007_DonorProfile:131 - Clicking on the Agree Terms...
2026-06-23 11:23:26 INFO  TS007_DonorProfile:134 - Submitting the registration form...
2026-06-23 11:23:30 INFO  TS007_DonorProfile:91 - Switching to login page...
2026-06-23 11:23:30 INFO  TS007_DonorProfile:96 - Providing user credentials...
2026-06-23 11:23:31 INFO  TS007_DonorProfile:100 - Trying to logging Into dashboard...
2026-06-23 11:23:33 INFO  TS007_DonorProfile:316 - Verifying Edit Profile page load
2026-06-23 11:23:34 INFO  TS007_DonorProfile:322 - Checking if Phone No. field is editable
2026-06-23 11:23:34 INFO  TS007_DonorProfile:327 - Updating Phone No. to: 9128442829
2026-06-23 11:23:34 INFO  TS007_DonorProfile:330 - Clicking Save Changes
2026-06-23 11:23:34 INFO  TS007_DonorProfile:333 - Validating duplicate phone number behavior...
2026-06-23 11:23:35 ERROR TS007_DonorProfile:339 - BUG: Duplicate phone number was accepted and profile updated!
2026-06-23 11:23:35 ERROR TS007_DonorProfile:349 - ASSERTION FAILED : Test FAILED: System allowed duplicate phone number update
2026-06-23 11:23:41 INFO  TS007_DonorProfile:365 - =========================================================
2026-06-23 11:23:41 INFO  TS007_DonorProfile:366 - STARTING TEST CASE: TC024_updateDonorLocation
2026-06-23 11:23:41 INFO  TS007_DonorProfile:367 - =========================================================
2026-06-23 11:23:41 INFO  TS007_DonorProfile:106 - Navigating to Registration page from Home page...
2026-06-23 11:23:41 INFO  TS007_DonorProfile:112 - Donor checkbox remains selected...
2026-06-23 11:23:41 INFO  TS007_DonorProfile:126 - Generating random user data and populating the registration form...
2026-06-23 11:23:42 INFO  TS007_DonorProfile:131 - Clicking on the Agree Terms...
2026-06-23 11:23:42 INFO  TS007_DonorProfile:134 - Submitting the registration form...
2026-06-23 11:23:46 INFO  TS007_DonorProfile:91 - Switching to login page...
2026-06-23 11:23:46 INFO  TS007_DonorProfile:96 - Providing user credentials...
2026-06-23 11:23:47 INFO  TS007_DonorProfile:100 - Trying to logging Into dashboard...
2026-06-23 11:23:49 INFO  TS007_DonorProfile:374 - Navigating to Edit Profile page
2026-06-23 11:23:50 INFO  TS007_DonorProfile:378 - Verifying Edit Profile page load
2026-06-23 11:23:50 INFO  TS007_DonorProfile:382 - Checking if Location field is editable
2026-06-23 11:23:50 INFO  TS007_DonorProfile:388 - Updating Location to: jUEkL
2026-06-23 11:23:50 INFO  TS007_DonorProfile:391 - Clicking Save Changes
2026-06-23 11:23:50 INFO  TS007_DonorProfile:394 - Verifying navigation to Dashboard after save
2026-06-23 11:24:00 INFO  TS007_DonorProfile:398 - Validating donor Location update
2026-06-23 11:24:00 INFO  TS007_DonorProfile:402 - Expected: jUEkL
2026-06-23 11:24:00 INFO  TS007_DonorProfile:403 - Actual: uGERE
2026-06-23 11:24:00 ERROR TS007_DonorProfile:409 - ASSERTION FAILED : Donor Location update validation failed expected [jUEkL] but found [uGERE]
